<?xml version='1.0' encoding='UTF-8'?>
<testsuite tests="2" name="controllers.LoginTest" hostname="Mateo-PC" failures="0" time="0.002" errors="0">
                     <properties>
[...]
</properties>
                     <testcase name="controllers.LoginTest.authenticateFailure" time="0.0" classname="controllers.LoginTest">
                                                 
                                               </testcase><testcase name="controllers.LoginTest.authenticateSuccess" time="0.0" classname="controllers.LoginTest">
                                                 
                                               </testcase>
                     <system-out></system-out>
                     <system-err></system-err>
                   </testsuite>